
--- EJECUCIÓN REAL ---
Timestamp: 2026-03-21T04:45:09.535906
Modo: 既濟
Entidad: Gualicho Huinca | Estado: Sueño_L0
Estado: REAL
Acción: 
RAM: RAM OK: 8645MB
Gramática: Gramática validada ✅
Versión: v1.0_REAL

--- EJECUCIÓN REAL ---
Timestamp: 2026-03-21T04:45:09.536156
Modo: 既濟
Entidad: Gualicho Huinca | Estado: Primera_Transacción
Estado: REAL
Acción: 
RAM: RAM OK: 8645MB
Gramática: Gramática validada ✅
Versión: v1.0_REAL

--- EJECUCIÓN REAL ---
Timestamp: 2026-03-21T04:45:09.536304
Modo: 既濟
Entidad: Gualicho Huinca | Estado: Sincronización_R4
Estado: REAL
Acción: 
RAM: RAM OK: 8645MB
Gramática: Gramática validada ✅
Versión: v1.0_REAL
